======================================================================
-----------------------Backup sequence started------------------------
======================================================================
======================================================================
-----------------------Backup sequence started------------------------
======================================================================
10.03.2019 17:27:08 Stopping VM XMPPServer...
10.03.2019 17:27:08 VM XMPPServer stopped.
======================================================================
-----------------------Backup sequence started------------------------
======================================================================
10.03.2019 17:27:48 Stopping VM XMPPServer...
10.03.2019 17:27:48 VM XMPPServer stopped.
======================================================================
-----------------------Backup sequence started------------------------
======================================================================
10.03.2019 18:09:57 Stopping VM XMPPServer...
10.03.2019 18:09:57 VM XMPPServer stopped.
10.03.2019 18:09:57 Starting VM XMPPServer...
10.03.2019 18:09:57 VM XMPPServer started.
----------------------------------------------------------------------
10.03.2019 18:09:57 Stopping VM WebServer...
10.03.2019 18:09:57 VM WebServer stopped.
10.03.2019 18:09:57 Starting VM WebServer...
10.03.2019 18:09:57 VM WebServer started.
----------------------------------------------------------------------
======================================================================
-----------------------Backup sequence started------------------------
======================================================================
11.03.2019 8:54:22 Stopping VM XMPPServer...
11.03.2019 8:54:22 VM XMPPServer stopped.
11.03.2019 8:54:22 Starting VM XMPPServer...
11.03.2019 8:54:22 VM XMPPServer started.
======================================================================
-----------------------Backup sequence started------------------------
======================================================================
11.03.2019 9:43:16 Stopping VM XMPPServer...
11.03.2019 9:43:16 VM XMPPServer stopped.
11.03.2019 9:43:16 Starting VM XMPPServer...
11.03.2019 9:43:16 VM XMPPServer started.
======================================================================
-----------------------Backup sequence started------------------------
======================================================================
11.03.2019 9:47:17 Stopping VM XMPPServer...
11.03.2019 9:47:17 VM XMPPServer stopped.
11.03.2019 9:47:17 Starting VM XMPPServer...
11.03.2019 9:47:17 VM XMPPServer started.
======================================================================
-----------------------Backup sequence started------------------------
======================================================================
11.03.2019 9:48:35 Stopping VM XMPPServer...
11.03.2019 9:48:35 VM XMPPServer stopped.
11.03.2019 9:48:35 Starting VM XMPPServer...
11.03.2019 9:48:35 VM XMPPServer started.
======================================================================
-----------------------Backup sequence started------------------------
======================================================================
11.03.2019 9:50:07 Stopping VM XMPPServer...
11.03.2019 9:50:07 VM XMPPServer stopped.
11.03.2019 9:50:07 Starting VM XMPPServer...
11.03.2019 9:50:07 VM XMPPServer started.
======================================================================
-----------------------Backup sequence started------------------------
======================================================================
11.03.2019 10:04:41 Stopping VM XMPPServer...
11.03.2019 10:04:41 VM XMPPServer stopped.
11.03.2019 10:04:41 Starting VM XMPPServer...
11.03.2019 10:04:41 VM XMPPServer started.
======================================================================
-----------------------Backup sequence started------------------------
======================================================================
11.03.2019 10:06:29 Stopping VM XMPPServer...
11.03.2019 10:06:29 VM XMPPServer stopped.
11.03.2019 10:06:29 Starting VM XMPPServer...
11.03.2019 10:06:29 VM XMPPServer started.
======================================================================
-----------------------Backup sequence started------------------------
======================================================================
11.03.2019 10:07:38 Stopping VM XMPPServer...
11.03.2019 10:07:38 VM XMPPServer stopped.
11.03.2019 10:07:38 Starting VM XMPPServer...
11.03.2019 10:07:38 VM XMPPServer started.
======================================================================
-----------------------Backup sequence started------------------------
======================================================================
11.03.2019 10:13:42 Stopping VM XMPPServer...
11.03.2019 10:13:42 VM XMPPServer stopped.
11.03.2019 10:13:42 Starting VM XMPPServer...
11.03.2019 10:13:42 VM XMPPServer started.
======================================================================
-----------------------Backup sequence started------------------------
======================================================================
11.03.2019 11:23:54 Stopping VM XMPPServer...
11.03.2019 11:23:54 VM XMPPServer stopped.
11.03.2019 11:23:54 Starting VM XMPPServer...
11.03.2019 11:23:54 VM XMPPServer started.
======================================================================
-----------------------Backup sequence started------------------------
======================================================================
11.03.2019 11:25:20 Stopping VM XMPPServer...
11.03.2019 11:25:20 VM XMPPServer stopped.
11.03.2019 11:25:20 Starting VM XMPPServer...
11.03.2019 11:25:20 VM XMPPServer started.
======================================================================
-----------------------Backup sequence started------------------------
======================================================================
11.03.2019 11:30:53 Stopping VM XMPPServer...
11.03.2019 11:30:53 VM XMPPServer stopped.
11.03.2019 11:30:53 Starting VM XMPPServer...
11.03.2019 11:30:53 VM XMPPServer started.
======================================================================
-----------------------Backup sequence started------------------------
======================================================================
11.03.2019 11:31:46 Stopping VM XMPPServer...
11.03.2019 11:31:46 VM XMPPServer stopped.
11.03.2019 11:31:46 Starting VM XMPPServer...
11.03.2019 11:31:46 VM XMPPServer started.
======================================================================
-----------------------Backup sequence started------------------------
======================================================================
11.03.2019 11:35:58 Stopping VM XMPPServer...
11.03.2019 11:35:58 VM XMPPServer stopped.
11.03.2019 11:35:58 Starting VM XMPPServer...
11.03.2019 11:35:58 VM XMPPServer started.
======================================================================
-----------------------Backup sequence started------------------------
======================================================================
11.03.2019 11:39:15 Stopping VM XMPPServer...
11.03.2019 11:39:15 VM XMPPServer stopped.
11.03.2019 11:39:15 Starting VM XMPPServer...
11.03.2019 11:39:15 VM XMPPServer started.
======================================================================
-----------------------Backup sequence started------------------------
======================================================================
11.03.2019 11:40:08 Stopping VM XMPPServer...
11.03.2019 11:40:08 VM XMPPServer stopped.
11.03.2019 11:40:08 Starting VM XMPPServer...
11.03.2019 11:40:08 VM XMPPServer started.
======================================================================
-----------------------Backup sequence started------------------------
======================================================================
11.03.2019 11:41:56 Stopping VM XMPPServer...
11.03.2019 11:41:56 VM XMPPServer stopped.
11.03.2019 11:41:56 Starting VM XMPPServer...
11.03.2019 11:41:56 VM XMPPServer started.
======================================================================
-----------------------Backup sequence started------------------------
======================================================================
11.03.2019 11:43:29 Stopping VM XMPPServer...
11.03.2019 11:43:29 VM XMPPServer stopped.
11.03.2019 11:43:29 Starting VM XMPPServer...
11.03.2019 11:43:29 VM XMPPServer started.
11.03.2019 11:43:44 Error deleting old copy - D:\XMPPServer 12.05.2017-06.36.15
======================================================================
-----------------------Backup sequence started------------------------
======================================================================
19.03.2019 13:47:32 Stopping VM XMPPServer...
======================================================================
-----------------------Backup sequence started------------------------
======================================================================
19.03.2019 13:48:22 Stopping VM XMPPServer...
19.03.2019 13:49:02 Trying to shrink VDI image...
======================================================================
-----------------------Backup sequence started------------------------
======================================================================
19.03.2019 13:59:24 ERROR - please check settins.xml. Details: Строка "True" не является допустимым значением Boolean.
======================================================================
-----------------------Backup sequence started------------------------
======================================================================
======================================================================
-----------------------Backup sequence started------------------------
======================================================================
19.03.2019 14:00:52 Stopping VM XMPPServer...
19.03.2019 14:01:02 VM XMPPServer stopped.
19.03.2019 14:01:02 Trying to compress VDI image...
19.03.2019 14:01:02 Directory D:\XMPPServer 19.03.2019-14.01.02 created
19.03.2019 14:01:02 File XMPPServer.vbox copied
19.03.2019 14:01:02 File XMPPServer.vbox-prev copied
======================================================================
-----------------------Backup sequence started------------------------
======================================================================
19.03.2019 14:01:56 Stopping VM XMPPServer...
19.03.2019 14:02:01 VM XMPPServer stopped.
19.03.2019 14:02:06 Trying to compress VDI image...
======================================================================
-----------------------Backup sequence started------------------------
======================================================================
19.03.2019 14:05:29 Stopping VM XMPPServer...
19.03.2019 14:05:34 VM XMPPServer stopped.
19.03.2019 14:05:51 Trying to compress VDI image...
======================================================================
-----------------------Backup sequence started------------------------
======================================================================
19.03.2019 14:08:06 Stopping VM XMPPServer...
19.03.2019 14:08:11 VM XMPPServer stopped.
19.03.2019 14:08:11 Trying to compress VDI image...
19.03.2019 14:08:12 Directory D:\XMPPServer 19.03.2019-14.08.12 created
19.03.2019 14:08:12 File XMPPServer.vbox copied
19.03.2019 14:08:12 File XMPPServer.vbox-prev copied
======================================================================
-----------------------Backup sequence started------------------------
======================================================================
19.03.2019 14:14:18 Stopping VM XMPPServer...
19.03.2019 14:14:24 VM XMPPServer stopped.
19.03.2019 14:14:24 Trying to compress VDI image...
======================================================================
-----------------------Backup sequence started------------------------
======================================================================
19.03.2019 14:14:50 Stopping VM XMPPServer...
19.03.2019 14:14:55 VM XMPPServer stopped.
19.03.2019 14:14:55 Trying to compress VDI image...
19.03.2019 14:15:15 Directory D:\XMPPServer 19.03.2019-14.15.15 created
19.03.2019 14:15:15 File XMPPServer.vbox copied
19.03.2019 14:15:15 File XMPPServer.vbox-prev copied
======================================================================
-----------------------Backup sequence started------------------------
======================================================================
19.03.2019 14:17:26 Stopping VM XMPPServer...
19.03.2019 14:17:31 VM XMPPServer stopped.
19.03.2019 14:17:31 Trying to compress VDI image...
19.03.2019 14:17:36 Directory D:\XMPPServer 19.03.2019-14.17.36 created
19.03.2019 14:17:36 File XMPPServer.vbox copied
19.03.2019 14:17:36 File XMPPServer.vbox-prev copied
======================================================================
-----------------------Backup sequence started------------------------
======================================================================
19.03.2019 14:18:49 Stopping VM XMPPServer...
19.03.2019 14:18:54 VM XMPPServer stopped.
19.03.2019 14:18:54 Trying to compress VDI image...
19.03.2019 14:19:13 Directory D:\XMPPServer 19.03.2019-14.19.13 created
19.03.2019 14:19:13 File XMPPServer.vbox copied
19.03.2019 14:19:13 File XMPPServer.vbox-prev copied
======================================================================
-----------------------Backup sequence started------------------------
======================================================================
19.03.2019 14:21:16 Stopping VM XMPPServer...
19.03.2019 14:21:21 VM XMPPServer stopped.
19.03.2019 14:21:21 Trying to compress VDI image...
19.03.2019 14:21:39 
19.03.2019 14:21:39 Directory D:\XMPPServer 19.03.2019-14.21.39 created
19.03.2019 14:21:39 File XMPPServer.vbox copied
19.03.2019 14:21:39 File XMPPServer.vbox-prev copied
======================================================================
-----------------------Backup sequence started------------------------
======================================================================
19.03.2019 14:22:16 Stopping VM XMPPServer...
19.03.2019 14:22:21 VM XMPPServer stopped.
19.03.2019 14:22:21 Trying to compress VDI image...
19.03.2019 14:22:39 
19.03.2019 14:22:39 0%...10%...20%...30%...40%...50%...60%...70%...80%...90%...100%

19.03.2019 14:22:39 Directory D:\XMPPServer 19.03.2019-14.22.39 created
19.03.2019 14:22:39 File XMPPServer.vbox copied
19.03.2019 14:22:39 File XMPPServer.vbox-prev copied
======================================================================
-----------------------Backup sequence started------------------------
======================================================================
19.03.2019 14:41:33 Stopping VM XMPPServer...
19.03.2019 14:41:38 VM XMPPServer stopped.
19.03.2019 14:41:40 Trying to compress VDI image...
======================================================================
-----------------------Backup sequence started------------------------
======================================================================
19.03.2019 14:42:04 Stopping VM XMPPServer...
19.03.2019 14:42:09 VM XMPPServer stopped.
19.03.2019 14:42:09 Trying to compress VDI image...
19.03.2019 14:42:28 0%...10%...20%...30%...40%...50%...60%...70%...80%...90%...100%

19.03.2019 14:42:28 Directory D:\XMPPServer 19.03.2019-14.42.28 created
19.03.2019 14:42:28 File XMPPServer.vbox copied
19.03.2019 14:42:28 File XMPPServer.vbox-prev copied
19.03.2019 14:43:51 File XMPPServer.vdi copied
19.03.2019 14:43:51 Directory D:\XMPPServer 19.03.2019-14.42.28\Logs created
19.03.2019 14:43:51 File VBox.log copied
19.03.2019 14:43:51 File VBox.log.1 copied
19.03.2019 14:43:51 File VBox.log.2 copied
19.03.2019 14:43:51 File VBox.log.3 copied
19.03.2019 14:43:51 File VBoxHardening.log copied
19.03.2019 14:43:51 Directory D:\XMPPServer 19.03.2019-14.42.28\SharedFolder created
19.03.2019 14:43:51 Starting VM XMPPServer...
19.03.2019 14:43:51 VM XMPPServer started.
19.03.2019 14:43:51 Deleting old copy D:\XMPPServer 11.03.2019-12.05.32
19.03.2019 14:43:51 Deleting old copy D:\XMPPServer 11.03.2019-14.17.18
19.03.2019 14:43:51 Deleting old copy D:\XMPPServer 18.03.2019-09.23.02
19.03.2019 14:43:51 Deleting old copy D:\XMPPServer 18.03.2019-09.38.09
19.03.2019 14:43:52 Deleting old copy D:\XMPPServer 19.03.2019-14.01.02
19.03.2019 14:43:52 Deleting old copy D:\XMPPServer 19.03.2019-14.08.12
----------------------------------------------------------------------
19.03.2019 14:43:52 Stopping VM WebServer...
19.03.2019 14:44:02 VM WebServer stopped.
19.03.2019 14:44:02 Trying to compress VDI image...
19.03.2019 14:44:02 VBoxManage.exe: error: Failed to lock media when compacting 'C:\Users\u1035\Desktop\VMs\XMPPServer\XMPPServer.vdi'
VBoxManage.exe: error: Details: code VBOX_E_INVALID_OBJECT_STATE (0x80bb0007), component MediumWrap, interface IMedium, callee IUnknown
VBoxManage.exe: error: Context: "Compact(pProgress.asOutParam())" at line 743 of file VBoxManageDisk.cpp
VBoxManage.exe: error: Failed to compact medium!

19.03.2019 14:44:02 Directory D:\WebServer 19.03.2019-14.44.02 created
19.03.2019 14:44:02 File XMPPServer.vbox copied
19.03.2019 14:44:02 File XMPPServer.vbox-prev copied
======================================================================
-----------------------Backup sequence started------------------------
======================================================================
19.03.2019 14:46:58 Stopping VM XMPPServer...
19.03.2019 14:47:08 VM XMPPServer stopped.
19.03.2019 14:47:08 Trying to compress VDI image...
19.03.2019 14:47:27 0%...10%...20%...30%...40%...50%...60%...70%...80%...90%...100%

19.03.2019 14:47:27 Directory D:\XMPPServer 19.03.2019-14.47.27 created
19.03.2019 14:47:27 File XMPPServer.vbox copied
19.03.2019 14:47:27 File XMPPServer.vbox-prev copied
19.03.2019 14:48:51 File XMPPServer.vdi copied
19.03.2019 14:48:51 Directory D:\XMPPServer 19.03.2019-14.47.27\Logs created
19.03.2019 14:48:51 File VBox.log copied
19.03.2019 14:48:51 File VBox.log.1 copied
19.03.2019 14:48:51 File VBox.log.2 copied
19.03.2019 14:48:51 File VBox.log.3 copied
19.03.2019 14:48:51 File VBoxHardening.log copied
19.03.2019 14:48:51 Directory D:\XMPPServer 19.03.2019-14.47.27\SharedFolder created
19.03.2019 14:48:51 Starting VM XMPPServer...
19.03.2019 14:48:51 VM XMPPServer started.
19.03.2019 14:48:51 Deleting old copy D:\XMPPServer 19.03.2019-14.15.15
19.03.2019 14:48:51 Deleting old copy D:\XMPPServer 19.03.2019-14.17.36
19.03.2019 14:48:51 Deleting old copy D:\XMPPServer 19.03.2019-14.19.13
19.03.2019 14:48:51 Deleting old copy D:\XMPPServer 19.03.2019-14.21.39
19.03.2019 14:48:51 Deleting old copy D:\XMPPServer 19.03.2019-14.22.39
----------------------------------------------------------------------
19.03.2019 14:48:51 Stopping VM WebServer...
19.03.2019 14:48:56 VM WebServer stopped.
19.03.2019 14:48:56 Trying to compress VDI image...
19.03.2019 14:49:28 0%...10%...20%...30%...40%...50%...60%...70%...80%...90%...100%

19.03.2019 14:49:28 Directory D:\WebServer 19.03.2019-14.49.28 created
19.03.2019 14:49:28 File WebServer-1.16-windows.vbox copied
19.03.2019 14:49:28 File WebServer.vbox copied
19.03.2019 14:49:28 File WebServer.vbox-prev copied
19.03.2019 14:50:59 File WebServer.vdi copied
19.03.2019 14:50:59 Directory D:\WebServer 19.03.2019-14.49.28\Logs created
19.03.2019 14:50:59 File VBox.log copied
19.03.2019 14:50:59 File VBox.log.1 copied
19.03.2019 14:50:59 File VBox.log.2 copied
19.03.2019 14:50:59 File VBox.log.3 copied
19.03.2019 14:50:59 File VBoxHardening.log copied
19.03.2019 14:50:59 Directory D:\WebServer 19.03.2019-14.49.28\SharedFolder created
19.03.2019 14:51:00 File medwiki.2018-10-25_05-10-44.tar copied
19.03.2019 14:51:00 File ssl.xakep.space.ca copied
19.03.2019 14:51:00 File ssl.xakep.space.crt copied
19.03.2019 14:51:00 File ssl.xakep.space.key copied
19.03.2019 14:51:00 File ssl.xakep.space.pem copied
19.03.2019 14:51:00 File xakep.space.2018-10-25_05-10-03.tar copied
19.03.2019 14:51:00 Starting VM WebServer...
19.03.2019 14:51:00 VM WebServer started.
19.03.2019 14:51:00 Deleting old copy D:\WebServer 11.03.2019-12.00.01
19.03.2019 14:51:00 Deleting old copy D:\WebServer 11.03.2019-12.08.19
19.03.2019 14:51:00 Deleting old copy D:\WebServer 11.03.2019-14.20.20
----------------------------------------------------------------------
19.03.2019 14:51:00 Stopping VM Mini Windows XP...
19.03.2019 14:51:15 VM Mini Windows XP stopped.
19.03.2019 14:51:15 Trying to compress VDI image...
19.03.2019 14:51:57 0%...10%...20%...30%...40%...50%...60%...70%...80%...90%...100%

19.03.2019 14:51:57 Directory D:\Mini Windows XP 19.03.2019-14.51.57 created
19.03.2019 14:51:57 File Mini Windows XP.vbox copied
19.03.2019 14:51:57 File Mini Windows XP.vbox-prev copied
19.03.2019 14:52:25 File MiniXP.vdi copied
19.03.2019 14:52:25 Directory D:\Mini Windows XP 19.03.2019-14.51.57\Logs created
19.03.2019 14:52:25 File VBox.log copied
19.03.2019 14:52:25 File VBox.log.1 copied
19.03.2019 14:52:25 File VBox.log.2 copied
19.03.2019 14:52:25 File VBox.log.3 copied
19.03.2019 14:52:25 File VBoxHardening.log copied
19.03.2019 14:52:25 Directory D:\Mini Windows XP 19.03.2019-14.51.57\Shared created
19.03.2019 14:52:26 File K-Meleon76 Pro RC+ ru.7z copied
19.03.2019 14:52:26 Starting VM Mini Windows XP...
19.03.2019 14:52:26 VM Mini Windows XP started.
19.03.2019 14:52:26 There are 3 copies of this VM (must store 3), so nothing to delete.
----------------------------------------------------------------------
