======================================================================
-----------------------Backup sequence started------------------------
======================================================================
11.03.2019 12:05:22 Stopping VM XMPPServer...
11.03.2019 12:05:32 VM XMPPServer stopped.
11.03.2019 12:05:32 Directory D:\XMPPServer 11.03.2019-12.05.32 created
11.03.2019 12:05:32 File XMPPServer.vbox copied
11.03.2019 12:05:32 File XMPPServer.vbox-prev copied
11.03.2019 12:06:38 File XMPPServer.vdi copied
11.03.2019 12:06:38 Directory D:\XMPPServer 11.03.2019-12.05.32\Logs created
11.03.2019 12:06:38 File VBox.log copied
11.03.2019 12:06:38 File VBox.log.1 copied
11.03.2019 12:06:39 File VBox.log.2 copied
11.03.2019 12:06:39 File VBox.log.3 copied
11.03.2019 12:06:39 File VBoxHardening.log copied
11.03.2019 12:06:39 Directory D:\XMPPServer 11.03.2019-12.05.32\SharedFolder created
11.03.2019 12:06:39 Starting VM XMPPServer...
11.03.2019 12:06:39 VM XMPPServer started.
11.03.2019 12:06:39 Folder D:\XMPPServer 12.05.2019- 06.36.59 does not looks like my backup, ignoring it
11.03.2019 12:06:39 Folder D:\XMPPServer 12.05.2019-06.36.99 does not looks like my backup, ignoring it
11.03.2019 12:06:39 Folder D:\XMPPServer 12.05.2019-06.36.rr does not looks like my backup, ignoring it
11.03.2019 12:06:39 Deleting old copy D:\XMPPServer 12.05.2011-06.36.50
11.03.2019 12:06:39 Error deleting old copy - D:\XMPPServer 12.05.2011-06.36.50
11.03.2019 12:06:39 Error info: Отказано в доступе по пути "Новый текстовый документ.txt".
11.03.2019 12:06:39 Deleting old copy D:\XMPPServer 12.05.2011-06.36.59
11.03.2019 12:06:39 Deleting old copy D:\XMPPServer 03.03.2019-06.36.04
----------------------------------------------------------------------
11.03.2019 12:08:09 Stopping VM WebServer...
11.03.2019 12:08:19 VM WebServer stopped.
11.03.2019 12:08:19 Directory D:\WebServer 11.03.2019-12.08.19 created
11.03.2019 12:08:19 File XMPPServer.vbox copied
11.03.2019 12:08:19 File XMPPServer.vbox-prev copied
11.03.2019 12:09:39 File XMPPServer.vdi copied
11.03.2019 12:09:39 Directory D:\WebServer 11.03.2019-12.08.19\Logs created
11.03.2019 12:09:39 File VBox.log copied
11.03.2019 12:09:39 File VBox.log.1 copied
11.03.2019 12:09:39 File VBox.log.2 copied
11.03.2019 12:09:39 File VBox.log.3 copied
11.03.2019 12:09:40 File VBoxHardening.log copied
11.03.2019 12:09:40 Directory D:\WebServer 11.03.2019-12.08.19\SharedFolder created
11.03.2019 12:09:40 Starting VM WebServer...
11.03.2019 12:09:40 VM WebServer started.
11.03.2019 12:09:40 There are 2 copies of this VM (must store 5), so nothing to delete.
